4 2
13 2
38 2
87 2
208 2
377 2
666 2
1027 2
1556 2
2397 2
3358 2
4727 2
9 3
34 3
83 3
204 3
373 3
662 3
1023 3
1552 3
2393 3
3354 3
4723 3
25 5
74 5
195 5
364 5
653 5
1014 5
1543 5
2384 5
3345 5
4714 5
49 7
170 7
339 7
628 7
989 7
1518 7
2359 7
3320 7
4689 7
121 11
290 11
579 11
940 11
1469 11
2310 11
3271 11
4640 11
169 13
458 13
819 13
1348 13
2189 13
3150 13
4519 13
289 17
650 17
1179 17
2020 17
2981 17
4350 17
361 19
890 19
1731 19
2692 19
4061 19
529 23
1370 23
2331 23
3700 23
841 29
1802 29
3171 29
4852 29
961 31
2330 31
4011 31
1369 37
3050 37
4899 37
1681 41
3530 41
1849 43
4058 43
2209 47
2809 53
3481 59
3721 61
4489 67
